{"/Users/santiagomollajoli/Sites/frontend-hero-test-v1.2.4/src/components/shoppingcart/shoppingcart.model.js": {"path":"/Users/santiagomollajoli/Sites/frontend-hero-test-v1.2.4/src/components/shoppingcart/shoppingcart.model.js","statementMap":{"0":{"start":{"line":14,"column":0},"end":{"line":91,"column":5}},"1":{"start":{"line":15,"column":22},"end":{"line":15,"column":41}},"2":{"start":{"line":16,"column":27},"end":{"line":16,"column":31}},"3":{"start":{"line":18,"column":2},"end":{"line":18,"column":68}},"4":{"start":{"line":20,"column":2},"end":{"line":90,"column":4}},"5":{"start":{"line":21,"column":21},"end":{"line":21,"column":23}},"6":{"start":{"line":23,"column":21},"end":{"line":32,"column":5}},"7":{"start":{"line":24,"column":6},"end":{"line":31,"column":8}},"8":{"start":{"line":34,"column":33},"end":{"line":36,"column":5}},"9":{"start":{"line":35,"column":6},"end":{"line":35,"column":46}},"10":{"start":{"line":39,"column":6},"end":{"line":39,"column":41}},"11":{"start":{"line":43,"column":6},"end":{"line":43,"column":29}},"12":{"start":{"line":47,"column":36},"end":{"line":47,"column":41}},"13":{"start":{"line":48,"column":6},"end":{"line":48,"column":48}},"14":{"start":{"line":49,"column":16},"end":{"line":49,"column":44}},"15":{"start":{"line":50,"column":6},"end":{"line":50,"column":50}},"16":{"start":{"line":52,"column":6},"end":{"line":56,"column":8}},"17":{"start":{"line":59,"column":4},"end":{"line":89,"column":6}},"18":{"start":{"line":61,"column":8},"end":{"line":61,"column":18}},"19":{"start":{"line":67,"column":19},"end":{"line":67,"column":29}},"20":{"start":{"line":68,"column":33},"end":{"line":68,"column":37}},"21":{"start":{"line":70,"column":8},"end":{"line":70,"column":68}},"22":{"start":{"line":71,"column":8},"end":{"line":73,"column":69}},"23":{"start":{"line":73,"column":23},"end":{"line":73,"column":66}},"24":{"start":{"line":74,"column":8},"end":{"line":74,"column":45}},"25":{"start":{"line":75,"column":8},"end":{"line":75,"column":20}},"26":{"start":{"line":79,"column":8},"end":{"line":79,"column":26}},"27":{"start":{"line":83,"column":8},"end":{"line":83,"column":26}},"28":{"start":{"line":87,"column":8},"end":{"line":87,"column":38}},"29":{"start":{"line":92,"column":0},"end":{"line":92,"column":27}}},"fnMap":{"0":{"name":"(anonymous_0)","decl":{"start":{"line":14,"column":1},"end":{"line":14,"column":2}},"loc":{"start":{"line":14,"column":12},"end":{"line":91,"column":1}},"line":14},"1":{"name":"(anonymous_1)","decl":{"start":{"line":20,"column":46},"end":{"line":20,"column":47}},"loc":{"start":{"line":20,"column":57},"end":{"line":90,"column":3}},"line":20},"2":{"name":"(anonymous_2)","decl":{"start":{"line":23,"column":21},"end":{"line":23,"column":22}},"loc":{"start":{"line":23,"column":32},"end":{"line":32,"column":5}},"line":23},"3":{"name":"(anonymous_3)","decl":{"start":{"line":34,"column":33},"end":{"line":34,"column":34}},"loc":{"start":{"line":34,"column":51},"end":{"line":36,"column":5}},"line":34},"4":{"name":"_getVAT","decl":{"start":{"line":38,"column":13},"end":{"line":38,"column":20}},"loc":{"start":{"line":38,"column":41},"end":{"line":40,"column":5}},"line":38},"5":{"name":"_getAfterVAT","decl":{"start":{"line":42,"column":13},"end":{"line":42,"column":25}},"loc":{"start":{"line":42,"column":42},"end":{"line":44,"column":5}},"line":42},"6":{"name":"_calculateTotals","decl":{"start":{"line":46,"column":13},"end":{"line":46,"column":29}},"loc":{"start":{"line":46,"column":46},"end":{"line":57,"column":5}},"line":46},"7":{"name":"(anonymous_7)","decl":{"start":{"line":60,"column":12},"end":{"line":60,"column":13}},"loc":{"start":{"line":60,"column":23},"end":{"line":62,"column":7}},"line":60},"8":{"name":"(anonymous_8)","decl":{"start":{"line":66,"column":19},"end":{"line":66,"column":20}},"loc":{"start":{"line":66,"column":51},"end":{"line":76,"column":7}},"line":66},"9":{"name":"(anonymous_9)","decl":{"start":{"line":73,"column":12},"end":{"line":73,"column":13}},"loc":{"start":{"line":73,"column":23},"end":{"line":73,"column":66}},"line":73},"10":{"name":"(anonymous_10)","decl":{"start":{"line":78,"column":29},"end":{"line":78,"column":30}},"loc":{"start":{"line":78,"column":40},"end":{"line":80,"column":7}},"line":78},"11":{"name":"(anonymous_11)","decl":{"start":{"line":82,"column":22},"end":{"line":82,"column":23}},"loc":{"start":{"line":82,"column":33},"end":{"line":84,"column":7}},"line":82},"12":{"name":"(anonymous_12)","decl":{"start":{"line":86,"column":15},"end":{"line":86,"column":16}},"loc":{"start":{"line":86,"column":26},"end":{"line":88,"column":7}},"line":86}},"branchMap":{"0":{"loc":{"start":{"line":18,"column":33},"end":{"line":18,"column":67}},"type":"binary-expr","locations":[{"start":{"line":18,"column":33},"end":{"line":18,"column":61}},{"start":{"line":18,"column":65},"end":{"line":18,"column":67}}],"line":18}},"s":{"0":1,"1":1,"2":1,"3":1,"4":1,"5":10,"6":10,"7":10,"8":10,"9":9,"10":9,"11":9,"12":9,"13":9,"14":9,"15":9,"16":9,"17":10,"18":10,"19":9,"20":9,"21":9,"22":9,"23":0,"24":9,"25":9,"26":0,"27":0,"28":0,"29":1},"f":{"0":1,"1":10,"2":10,"3":9,"4":9,"5":9,"6":9,"7":10,"8":9,"9":0,"10":0,"11":0,"12":0},"b":{"0":[1,1]},"_coverageSchema":"332fd63041d2c1bcb487cc26dd0d5f7d97098a6c","hash":"3ddb6375997d39307f632a033937c0a203600366"}
}
