{"/Users/santiagomollajoli/Sites/frontend-hero-test-v1.2.4/src/components/shoppingcart/shoppingcart.model.js": {"path":"/Users/santiagomollajoli/Sites/frontend-hero-test-v1.2.4/src/components/shoppingcart/shoppingcart.model.js","statementMap":{"0":{"start":{"line":15,"column":0},"end":{"line":124,"column":5}},"1":{"start":{"line":16,"column":22},"end":{"line":16,"column":41}},"2":{"start":{"line":17,"column":27},"end":{"line":17,"column":31}},"3":{"start":{"line":19,"column":2},"end":{"line":19,"column":68}},"4":{"start":{"line":21,"column":2},"end":{"line":123,"column":4}},"5":{"start":{"line":22,"column":21},"end":{"line":22,"column":23}},"6":{"start":{"line":23,"column":20},"end":{"line":30,"column":5}},"7":{"start":{"line":32,"column":21},"end":{"line":34,"column":5}},"8":{"start":{"line":33,"column":6},"end":{"line":33,"column":23}},"9":{"start":{"line":36,"column":33},"end":{"line":38,"column":5}},"10":{"start":{"line":37,"column":6},"end":{"line":37,"column":46}},"11":{"start":{"line":41,"column":6},"end":{"line":41,"column":41}},"12":{"start":{"line":45,"column":6},"end":{"line":45,"column":29}},"13":{"start":{"line":49,"column":41},"end":{"line":49,"column":56}},"14":{"start":{"line":50,"column":27},"end":{"line":50,"column":34}},"15":{"start":{"line":51,"column":6},"end":{"line":59,"column":7}},"16":{"start":{"line":52,"column":8},"end":{"line":52,"column":62}},"17":{"start":{"line":53,"column":8},"end":{"line":53,"column":43}},"18":{"start":{"line":54,"column":8},"end":{"line":54,"column":63}},"19":{"start":{"line":56,"column":8},"end":{"line":56,"column":50}},"20":{"start":{"line":57,"column":8},"end":{"line":57,"column":43}},"21":{"start":{"line":58,"column":8},"end":{"line":58,"column":52}},"22":{"start":{"line":61,"column":6},"end":{"line":65,"column":8}},"23":{"start":{"line":69,"column":6},"end":{"line":69,"column":83}},"24":{"start":{"line":69,"column":47},"end":{"line":69,"column":70}},"25":{"start":{"line":73,"column":20},"end":{"line":73,"column":34}},"26":{"start":{"line":74,"column":32},"end":{"line":74,"column":39}},"27":{"start":{"line":75,"column":6},"end":{"line":82,"column":7}},"28":{"start":{"line":76,"column":25},"end":{"line":76,"column":84}},"29":{"start":{"line":76,"column":49},"end":{"line":76,"column":72}},"30":{"start":{"line":77,"column":8},"end":{"line":77,"column":56}},"31":{"start":{"line":78,"column":8},"end":{"line":78,"column":42}},"32":{"start":{"line":80,"column":8},"end":{"line":80,"column":42}},"33":{"start":{"line":81,"column":8},"end":{"line":81,"column":42}},"34":{"start":{"line":84,"column":6},"end":{"line":84,"column":64}},"35":{"start":{"line":87,"column":4},"end":{"line":122,"column":6}},"36":{"start":{"line":89,"column":8},"end":{"line":89,"column":26}},"37":{"start":{"line":95,"column":22},"end":{"line":95,"column":24}},"38":{"start":{"line":97,"column":8},"end":{"line":103,"column":9}},"39":{"start":{"line":98,"column":10},"end":{"line":100,"column":13}},"40":{"start":{"line":99,"column":12},"end":{"line":99,"column":66}},"41":{"start":{"line":102,"column":10},"end":{"line":102,"column":78}},"42":{"start":{"line":104,"column":8},"end":{"line":104,"column":26}},"43":{"start":{"line":108,"column":8},"end":{"line":108,"column":38}},"44":{"start":{"line":112,"column":8},"end":{"line":112,"column":26}},"45":{"start":{"line":116,"column":8},"end":{"line":116,"column":26}},"46":{"start":{"line":120,"column":8},"end":{"line":120,"column":38}},"47":{"start":{"line":125,"column":0},"end":{"line":125,"column":27}}},"fnMap":{"0":{"name":"(anonymous_0)","decl":{"start":{"line":15,"column":1},"end":{"line":15,"column":2}},"loc":{"start":{"line":15,"column":12},"end":{"line":124,"column":1}},"line":15},"1":{"name":"(anonymous_1)","decl":{"start":{"line":21,"column":46},"end":{"line":21,"column":47}},"loc":{"start":{"line":21,"column":57},"end":{"line":123,"column":3}},"line":21},"2":{"name":"(anonymous_2)","decl":{"start":{"line":32,"column":21},"end":{"line":32,"column":22}},"loc":{"start":{"line":32,"column":32},"end":{"line":34,"column":5}},"line":32},"3":{"name":"(anonymous_3)","decl":{"start":{"line":36,"column":33},"end":{"line":36,"column":34}},"loc":{"start":{"line":36,"column":51},"end":{"line":38,"column":5}},"line":36},"4":{"name":"_getVAT","decl":{"start":{"line":40,"column":13},"end":{"line":40,"column":20}},"loc":{"start":{"line":40,"column":41},"end":{"line":42,"column":5}},"line":40},"5":{"name":"_getAfterVAT","decl":{"start":{"line":44,"column":13},"end":{"line":44,"column":25}},"loc":{"start":{"line":44,"column":42},"end":{"line":46,"column":5}},"line":44},"6":{"name":"_calculateTotals","decl":{"start":{"line":48,"column":13},"end":{"line":48,"column":29}},"loc":{"start":{"line":48,"column":39},"end":{"line":66,"column":5}},"line":48},"7":{"name":"_isProductInCart","decl":{"start":{"line":68,"column":13},"end":{"line":68,"column":29}},"loc":{"start":{"line":68,"column":39},"end":{"line":70,"column":5}},"line":68},"8":{"name":"(anonymous_8)","decl":{"start":{"line":69,"column":42},"end":{"line":69,"column":43}},"loc":{"start":{"line":69,"column":47},"end":{"line":69,"column":70}},"line":69},"9":{"name":"_shapeCart","decl":{"start":{"line":72,"column":13},"end":{"line":72,"column":23}},"loc":{"start":{"line":72,"column":33},"end":{"line":85,"column":5}},"line":72},"10":{"name":"(anonymous_10)","decl":{"start":{"line":76,"column":44},"end":{"line":76,"column":45}},"loc":{"start":{"line":76,"column":49},"end":{"line":76,"column":72}},"line":76},"11":{"name":"(anonymous_11)","decl":{"start":{"line":88,"column":12},"end":{"line":88,"column":13}},"loc":{"start":{"line":88,"column":23},"end":{"line":90,"column":7}},"line":88},"12":{"name":"(anonymous_12)","decl":{"start":{"line":94,"column":19},"end":{"line":94,"column":20}},"loc":{"start":{"line":94,"column":51},"end":{"line":105,"column":7}},"line":94},"13":{"name":"(anonymous_13)","decl":{"start":{"line":98,"column":36},"end":{"line":98,"column":37}},"loc":{"start":{"line":98,"column":49},"end":{"line":100,"column":11}},"line":98},"14":{"name":"(anonymous_14)","decl":{"start":{"line":107,"column":29},"end":{"line":107,"column":30}},"loc":{"start":{"line":107,"column":40},"end":{"line":113,"column":7}},"line":107},"15":{"name":"(anonymous_15)","decl":{"start":{"line":115,"column":22},"end":{"line":115,"column":23}},"loc":{"start":{"line":115,"column":33},"end":{"line":117,"column":7}},"line":115},"16":{"name":"(anonymous_16)","decl":{"start":{"line":119,"column":15},"end":{"line":119,"column":16}},"loc":{"start":{"line":119,"column":26},"end":{"line":121,"column":7}},"line":119}},"branchMap":{"0":{"loc":{"start":{"line":19,"column":33},"end":{"line":19,"column":67}},"type":"binary-expr","locations":[{"start":{"line":19,"column":33},"end":{"line":19,"column":61}},{"start":{"line":19,"column":65},"end":{"line":19,"column":67}}],"line":19},"1":{"loc":{"start":{"line":51,"column":6},"end":{"line":59,"column":7}},"type":"if","locations":[{"start":{"line":51,"column":6},"end":{"line":59,"column":7}},{"start":{"line":51,"column":6},"end":{"line":59,"column":7}}],"line":51},"2":{"loc":{"start":{"line":75,"column":6},"end":{"line":82,"column":7}},"type":"if","locations":[{"start":{"line":75,"column":6},"end":{"line":82,"column":7}},{"start":{"line":75,"column":6},"end":{"line":82,"column":7}}],"line":75},"3":{"loc":{"start":{"line":97,"column":8},"end":{"line":103,"column":9}},"type":"if","locations":[{"start":{"line":97,"column":8},"end":{"line":103,"column":9}},{"start":{"line":97,"column":8},"end":{"line":103,"column":9}}],"line":97}},"s":{"0":1,"1":1,"2":1,"3":1,"4":1,"5":10,"6":10,"7":10,"8":20,"9":10,"10":14,"11":14,"12":14,"13":14,"14":14,"15":14,"16":9,"17":9,"18":9,"19":5,"20":5,"21":5,"22":14,"23":14,"24":5,"25":14,"26":14,"27":14,"28":4,"29":4,"30":4,"31":4,"32":10,"33":10,"34":14,"35":10,"36":10,"37":9,"38":9,"39":5,"40":10,"41":4,"42":9,"43":0,"44":0,"45":0,"46":0,"47":1},"f":{"0":1,"1":10,"2":20,"3":14,"4":14,"5":14,"6":14,"7":14,"8":5,"9":14,"10":4,"11":10,"12":9,"13":10,"14":0,"15":0,"16":0},"b":{"0":[1,1],"1":[9,5],"2":[4,10],"3":[5,4]},"_coverageSchema":"332fd63041d2c1bcb487cc26dd0d5f7d97098a6c","hash":"a9e68cfd82cf47330dd4275655f9da7fc4407b2c"}
}
