TN:
SF:/Users/santiagomollajoli/Sites/frontend-hero-test-v1.2.4/src/components/shoppingcart/shoppingcart.model.js
FN:14,(anonymous_0)
FN:20,(anonymous_1)
FN:23,(anonymous_2)
FN:34,(anonymous_3)
FN:38,_getVAT
FN:42,_getAfterVAT
FN:46,_calculateTotals
FN:60,(anonymous_7)
FN:66,(anonymous_8)
FN:73,(anonymous_9)
FN:78,(anonymous_10)
FN:82,(anonymous_11)
FN:86,(anonymous_12)
FNF:13
FNH:9
FNDA:1,(anonymous_0)
FNDA:10,(anonymous_1)
FNDA:10,(anonymous_2)
FNDA:9,(anonymous_3)
FNDA:9,_getVAT
FNDA:9,_getAfterVAT
FNDA:9,_calculateTotals
FNDA:10,(anonymous_7)
FNDA:9,(anonymous_8)
FNDA:0,(anonymous_9)
FNDA:0,(anonymous_10)
FNDA:0,(anonymous_11)
FNDA:0,(anonymous_12)
DA:14,1
DA:15,1
DA:16,1
DA:18,1
DA:20,1
DA:21,10
DA:23,10
DA:24,10
DA:34,10
DA:35,9
DA:39,9
DA:43,9
DA:47,9
DA:48,9
DA:49,9
DA:50,9
DA:52,9
DA:59,10
DA:61,10
DA:67,9
DA:68,9
DA:70,9
DA:71,9
DA:73,0
DA:74,9
DA:75,9
DA:79,0
DA:83,0
DA:87,0
DA:92,1
LF:30
LH:26
BRDA:18,0,0,1
BRDA:18,0,1,1
BRF:2
BRH:2
end_of_record
