TN:
SF:/Users/santiagomollajoli/Sites/frontend-hero-test-v1.2.4/src/components/shoppingcart/shoppingcart.model.js
FN:15,(anonymous_0)
FN:21,(anonymous_1)
FN:32,(anonymous_2)
FN:36,(anonymous_3)
FN:40,_getVAT
FN:44,_getAfterVAT
FN:48,_calculateTotals
FN:68,_isProductInCart
FN:69,(anonymous_8)
FN:72,_shapeCart
FN:76,(anonymous_10)
FN:88,(anonymous_11)
FN:92,(anonymous_12)
FN:98,(anonymous_13)
FN:102,(anonymous_14)
FN:111,(anonymous_15)
FN:119,(anonymous_16)
FN:123,(anonymous_17)
FNF:18
FNH:14
FNDA:1,(anonymous_0)
FNDA:10,(anonymous_1)
FNDA:20,(anonymous_2)
FNDA:14,(anonymous_3)
FNDA:14,_getVAT
FNDA:14,_getAfterVAT
FNDA:14,_calculateTotals
FNDA:14,_isProductInCart
FNDA:5,(anonymous_8)
FNDA:14,_shapeCart
FNDA:4,(anonymous_10)
FNDA:10,(anonymous_11)
FNDA:0,(anonymous_12)
FNDA:9,(anonymous_13)
FNDA:10,(anonymous_14)
FNDA:0,(anonymous_15)
FNDA:0,(anonymous_16)
FNDA:0,(anonymous_17)
DA:15,1
DA:16,1
DA:17,1
DA:19,1
DA:21,1
DA:22,10
DA:23,10
DA:32,10
DA:33,20
DA:36,10
DA:37,14
DA:41,14
DA:45,14
DA:49,14
DA:50,14
DA:51,14
DA:52,9
DA:53,9
DA:54,9
DA:56,5
DA:57,5
DA:58,5
DA:61,14
DA:69,14
DA:73,14
DA:74,14
DA:75,14
DA:76,4
DA:77,4
DA:78,4
DA:80,10
DA:81,10
DA:84,14
DA:87,10
DA:89,10
DA:93,0
DA:99,9
DA:101,9
DA:102,5
DA:103,10
DA:106,4
DA:108,9
DA:112,0
DA:116,0
DA:120,0
DA:124,0
DA:129,1
LF:47
LH:42
BRDA:19,0,0,1
BRDA:19,0,1,1
BRDA:51,1,0,9
BRDA:51,1,1,5
BRDA:75,2,0,4
BRDA:75,2,1,10
BRDA:101,3,0,5
BRDA:101,3,1,4
BRF:8
BRH:8
end_of_record
